0 info it worked if it ends with ok
1 verbose cli [ 'node',
1 verbose cli   '/Users/oncletom/.nvm/v0.8.23/bin/npm',
1 verbose cli   'run',
1 verbose cli   'deploy' ]
2 info using npm@1.4.4
3 info using node@v0.8.23
4 error Error: ENOENT, open '/Users/oncletom/workspace/talks/2014/chtijs/package.json'
5 error If you need help, you may report this *entire* log,
5 error including the npm and node versions, at:
5 error     <http://github.com/npm/npm/issues>
6 error System Darwin 13.1.0
7 error command "node" "/Users/oncletom/.nvm/v0.8.23/bin/npm" "run" "deploy"
8 error cwd /Users/oncletom/workspace/talks/2014/chtijs
9 error node -v v0.8.23
10 error npm -v 1.4.4
11 error path /Users/oncletom/workspace/talks/2014/chtijs/package.json
12 error code ENOENT
13 error errno 34
14 verbose exit [ 34, true ]
